ARG seed 0
ARG job_num 3
ARG max_run 100
ARG max_wset 200
ARG job_list a:100:100,b:100:100,c:100:100
ARG affinity 
ARG per_cpu_queues False
ARG num_cpus 1
ARG quantum 10
ARG peek_interval 30
ARG warmup_time 10
ARG cache_size 50
ARG random_order False
ARG trace True
ARG trace_time True
ARG trace_cache True
ARG trace_sched False
ARG compute True

Job name:a run_time:100 working_set_size:100
Job name:b run_time:100 working_set_size:100
Job name:c run_time:100 working_set_size:100

Scheduler central queue: ['a', 'b', 'c']

   0   a [ 99] cache[   ]     
   1   a [ 98] cache[   ]     
   2   a [ 97] cache[   ]     
   3   a [ 96] cache[   ]     
   4   a [ 95] cache[   ]     
   5   a [ 94] cache[   ]     
   6   a [ 93] cache[   ]     
   7   a [ 92] cache[   ]     
   8   a [ 91] cache[   ]     
   9   a [ 90] cache[   ]     
---------------------------
  10   b [ 99] cache[   ]     
  11   b [ 98] cache[   ]     
  12   b [ 97] cache[   ]     
  13   b [ 96] cache[   ]     
  14   b [ 95] cache[   ]     
  15   b [ 94] cache[   ]     
  16   b [ 93] cache[   ]     
  17   b [ 92] cache[   ]     
  18   b [ 91] cache[   ]     
  19   b [ 90] cache[   ]     
---------------------------
  20   c [ 99] cache[   ]     
  21   c [ 98] cache[   ]     
  22   c [ 97] cache[   ]     
  23   c [ 96] cache[   ]     
  24   c [ 95] cache[   ]     
  25   c [ 94] cache[   ]     
  26   c [ 93] cache[   ]     
  27   c [ 92] cache[   ]     
  28   c [ 91] cache[   ]     
  29   c [ 90] cache[   ]     
---------------------------
  30   a [ 89] cache[   ]     
  31   a [ 88] cache[   ]     
  32   a [ 87] cache[   ]     
  33   a [ 86] cache[   ]     
  34   a [ 85] cache[   ]     
  35   a [ 84] cache[   ]     
  36   a [ 83] cache[   ]     
  37   a [ 82] cache[   ]     
  38   a [ 81] cache[   ]     
  39   a [ 80] cache[   ]     
---------------------------
  40   b [ 89] cache[   ]     
  41   b [ 88] cache[   ]     
  42   b [ 87] cache[   ]     
  43   b [ 86] cache[   ]     
  44   b [ 85] cache[   ]     
  45   b [ 84] cache[   ]     
  46   b [ 83] cache[   ]     
  47   b [ 82] cache[   ]     
  48   b [ 81] cache[   ]     
  49   b [ 80] cache[   ]     
---------------------------
  50   c [ 89] cache[   ]     
  51   c [ 88] cache[   ]     
  52   c [ 87] cache[   ]     
  53   c [ 86] cache[   ]     
  54   c [ 85] cache[   ]     
  55   c [ 84] cache[   ]     
  56   c [ 83] cache[   ]     
  57   c [ 82] cache[   ]     
  58   c [ 81] cache[   ]     
  59   c [ 80] cache[   ]     
---------------------------
  60   a [ 79] cache[   ]     
  61   a [ 78] cache[   ]     
  62   a [ 77] cache[   ]     
  63   a [ 76] cache[   ]     
  64   a [ 75] cache[   ]     
  65   a [ 74] cache[   ]     
  66   a [ 73] cache[   ]     
  67   a [ 72] cache[   ]     
  68   a [ 71] cache[   ]     
  69   a [ 70] cache[   ]     
---------------------------
  70   b [ 79] cache[   ]     
  71   b [ 78] cache[   ]     
  72   b [ 77] cache[   ]     
  73   b [ 76] cache[   ]     
  74   b [ 75] cache[   ]     
  75   b [ 74] cache[   ]     
  76   b [ 73] cache[   ]     
  77   b [ 72] cache[   ]     
  78   b [ 71] cache[   ]     
  79   b [ 70] cache[   ]     
---------------------------
  80   c [ 79] cache[   ]     
  81   c [ 78] cache[   ]     
  82   c [ 77] cache[   ]     
  83   c [ 76] cache[   ]     
  84   c [ 75] cache[   ]     
  85   c [ 74] cache[   ]     
  86   c [ 73] cache[   ]     
  87   c [ 72] cache[   ]     
  88   c [ 71] cache[   ]     
  89   c [ 70] cache[   ]     
---------------------------
  90   a [ 69] cache[   ]     
  91   a [ 68] cache[   ]     
  92   a [ 67] cache[   ]     
  93   a [ 66] cache[   ]     
  94   a [ 65] cache[   ]     
  95   a [ 64] cache[   ]     
  96   a [ 63] cache[   ]     
  97   a [ 62] cache[   ]     
  98   a [ 61] cache[   ]     
  99   a [ 60] cache[   ]     
---------------------------
 100   b [ 69] cache[   ]     
 101   b [ 68] cache[   ]     
 102   b [ 67] cache[   ]     
 103   b [ 66] cache[   ]     
 104   b [ 65] cache[   ]     
 105   b [ 64] cache[   ]     
 106   b [ 63] cache[   ]     
 107   b [ 62] cache[   ]     
 108   b [ 61] cache[   ]     
 109   b [ 60] cache[   ]     
---------------------------
 110   c [ 69] cache[   ]     
 111   c [ 68] cache[   ]     
 112   c [ 67] cache[   ]     
 113   c [ 66] cache[   ]     
 114   c [ 65] cache[   ]     
 115   c [ 64] cache[   ]     
 116   c [ 63] cache[   ]     
 117   c [ 62] cache[   ]     
 118   c [ 61] cache[   ]     
 119   c [ 60] cache[   ]     
---------------------------
 120   a [ 59] cache[   ]     
 121   a [ 58] cache[   ]     
 122   a [ 57] cache[   ]     
 123   a [ 56] cache[   ]     
 124   a [ 55] cache[   ]     
 125   a [ 54] cache[   ]     
 126   a [ 53] cache[   ]     
 127   a [ 52] cache[   ]     
 128   a [ 51] cache[   ]     
 129   a [ 50] cache[   ]     
---------------------------
 130   b [ 59] cache[   ]     
 131   b [ 58] cache[   ]     
 132   b [ 57] cache[   ]     
 133   b [ 56] cache[   ]     
 134   b [ 55] cache[   ]     
 135   b [ 54] cache[   ]     
 136   b [ 53] cache[   ]     
 137   b [ 52] cache[   ]     
 138   b [ 51] cache[   ]     
 139   b [ 50] cache[   ]     
---------------------------
 140   c [ 59] cache[   ]     
 141   c [ 58] cache[   ]     
 142   c [ 57] cache[   ]     
 143   c [ 56] cache[   ]     
 144   c [ 55] cache[   ]     
 145   c [ 54] cache[   ]     
 146   c [ 53] cache[   ]     
 147   c [ 52] cache[   ]     
 148   c [ 51] cache[   ]     
 149   c [ 50] cache[   ]     
---------------------------
 150   a [ 49] cache[   ]     
 151   a [ 48] cache[   ]     
 152   a [ 47] cache[   ]     
 153   a [ 46] cache[   ]     
 154   a [ 45] cache[   ]     
 155   a [ 44] cache[   ]     
 156   a [ 43] cache[   ]     
 157   a [ 42] cache[   ]     
 158   a [ 41] cache[   ]     
 159   a [ 40] cache[   ]     
---------------------------
 160   b [ 49] cache[   ]     
 161   b [ 48] cache[   ]     
 162   b [ 47] cache[   ]     
 163   b [ 46] cache[   ]     
 164   b [ 45] cache[   ]     
 165   b [ 44] cache[   ]     
 166   b [ 43] cache[   ]     
 167   b [ 42] cache[   ]     
 168   b [ 41] cache[   ]     
 169   b [ 40] cache[   ]     
---------------------------
 170   c [ 49] cache[   ]     
 171   c [ 48] cache[   ]     
 172   c [ 47] cache[   ]     
 173   c [ 46] cache[   ]     
 174   c [ 45] cache[   ]     
 175   c [ 44] cache[   ]     
 176   c [ 43] cache[   ]     
 177   c [ 42] cache[   ]     
 178   c [ 41] cache[   ]     
 179   c [ 40] cache[   ]     
---------------------------
 180   a [ 39] cache[   ]     
 181   a [ 38] cache[   ]     
 182   a [ 37] cache[   ]     
 183   a [ 36] cache[   ]     
 184   a [ 35] cache[   ]     
 185   a [ 34] cache[   ]     
 186   a [ 33] cache[   ]     
 187   a [ 32] cache[   ]     
 188   a [ 31] cache[   ]     
 189   a [ 30] cache[   ]     
---------------------------
 190   b [ 39] cache[   ]     
 191   b [ 38] cache[   ]     
 192   b [ 37] cache[   ]     
 193   b [ 36] cache[   ]     
 194   b [ 35] cache[   ]     
 195   b [ 34] cache[   ]     
 196   b [ 33] cache[   ]     
 197   b [ 32] cache[   ]     
 198   b [ 31] cache[   ]     
 199   b [ 30] cache[   ]     
---------------------------
 200   c [ 39] cache[   ]     
 201   c [ 38] cache[   ]     
 202   c [ 37] cache[   ]     
 203   c [ 36] cache[   ]     
 204   c [ 35] cache[   ]     
 205   c [ 34] cache[   ]     
 206   c [ 33] cache[   ]     
 207   c [ 32] cache[   ]     
 208   c [ 31] cache[   ]     
 209   c [ 30] cache[   ]     
---------------------------
 210   a [ 29] cache[   ]     
 211   a [ 28] cache[   ]     
 212   a [ 27] cache[   ]     
 213   a [ 26] cache[   ]     
 214   a [ 25] cache[   ]     
 215   a [ 24] cache[   ]     
 216   a [ 23] cache[   ]     
 217   a [ 22] cache[   ]     
 218   a [ 21] cache[   ]     
 219   a [ 20] cache[   ]     
---------------------------
 220   b [ 29] cache[   ]     
 221   b [ 28] cache[   ]     
 222   b [ 27] cache[   ]     
 223   b [ 26] cache[   ]     
 224   b [ 25] cache[   ]     
 225   b [ 24] cache[   ]     
 226   b [ 23] cache[   ]     
 227   b [ 22] cache[   ]     
 228   b [ 21] cache[   ]     
 229   b [ 20] cache[   ]     
---------------------------
 230   c [ 29] cache[   ]     
 231   c [ 28] cache[   ]     
 232   c [ 27] cache[   ]     
 233   c [ 26] cache[   ]     
 234   c [ 25] cache[   ]     
 235   c [ 24] cache[   ]     
 236   c [ 23] cache[   ]     
 237   c [ 22] cache[   ]     
 238   c [ 21] cache[   ]     
 239   c [ 20] cache[   ]     
---------------------------
 240   a [ 19] cache[   ]     
 241   a [ 18] cache[   ]     
 242   a [ 17] cache[   ]     
 243   a [ 16] cache[   ]     
 244   a [ 15] cache[   ]     
 245   a [ 14] cache[   ]     
 246   a [ 13] cache[   ]     
 247   a [ 12] cache[   ]     
 248   a [ 11] cache[   ]     
 249   a [ 10] cache[   ]     
---------------------------
 250   b [ 19] cache[   ]     
 251   b [ 18] cache[   ]     
 252   b [ 17] cache[   ]     
 253   b [ 16] cache[   ]     
 254   b [ 15] cache[   ]     
 255   b [ 14] cache[   ]     
 256   b [ 13] cache[   ]     
 257   b [ 12] cache[   ]     
 258   b [ 11] cache[   ]     
 259   b [ 10] cache[   ]     
---------------------------
 260   c [ 19] cache[   ]     
 261   c [ 18] cache[   ]     
 262   c [ 17] cache[   ]     
 263   c [ 16] cache[   ]     
 264   c [ 15] cache[   ]     
 265   c [ 14] cache[   ]     
 266   c [ 13] cache[   ]     
 267   c [ 12] cache[   ]     
 268   c [ 11] cache[   ]     
 269   c [ 10] cache[   ]     
---------------------------
 270   a [  9] cache[   ]     
 271   a [  8] cache[   ]     
 272   a [  7] cache[   ]     
 273   a [  6] cache[   ]     
 274   a [  5] cache[   ]     
 275   a [  4] cache[   ]     
 276   a [  3] cache[   ]     
 277   a [  2] cache[   ]     
 278   a [  1] cache[   ]     
 279   a [  0] cache[   ]     
---------------------------
 280   b [  9] cache[   ]     
 281   b [  8] cache[   ]     
 282   b [  7] cache[   ]     
 283   b [  6] cache[   ]     
 284   b [  5] cache[   ]     
 285   b [  4] cache[   ]     
 286   b [  3] cache[   ]     
 287   b [  2] cache[   ]     
 288   b [  1] cache[   ]     
 289   b [  0] cache[   ]     
---------------------------
 290   c [  9] cache[   ]     
 291   c [  8] cache[   ]     
 292   c [  7] cache[   ]     
 293   c [  6] cache[   ]     
 294   c [  5] cache[   ]     
 295   c [  4] cache[   ]     
 296   c [  3] cache[   ]     
 297   c [  2] cache[   ]     
 298   c [  1] cache[   ]     
 299   c [  0] cache[   ]     

Finished time 300

Per-CPU stats
  CPU 0  utilization 100.00 [ warm 0.00 ]

