ARG seed 0
ARG job_num 3
ARG max_run 100
ARG max_wset 200
ARG job_list a:100:100,b:100:100,c:100:100
ARG affinity 
ARG per_cpu_queues False
ARG num_cpus 3
ARG quantum 10
ARG peek_interval 30
ARG warmup_time 10
ARG cache_size 50
ARG random_order False
ARG trace True
ARG trace_time True
ARG trace_cache True
ARG trace_sched False
ARG compute True

Job name:a run_time:100 working_set_size:100
Job name:b run_time:100 working_set_size:100
Job name:c run_time:100 working_set_size:100

Scheduler central queue: ['a', 'b', 'c']

   0   a [ 99] cache[   ]     b [ 99] cache[   ]     c [ 99] cache[   ]     
   1   a [ 98] cache[   ]     b [ 98] cache[   ]     c [ 98] cache[   ]     
   2   a [ 97] cache[   ]     b [ 97] cache[   ]     c [ 97] cache[   ]     
   3   a [ 96] cache[   ]     b [ 96] cache[   ]     c [ 96] cache[   ]     
   4   a [ 95] cache[   ]     b [ 95] cache[   ]     c [ 95] cache[   ]     
   5   a [ 94] cache[   ]     b [ 94] cache[   ]     c [ 94] cache[   ]     
   6   a [ 93] cache[   ]     b [ 93] cache[   ]     c [ 93] cache[   ]     
   7   a [ 92] cache[   ]     b [ 92] cache[   ]     c [ 92] cache[   ]     
   8   a [ 91] cache[   ]     b [ 91] cache[   ]     c [ 91] cache[   ]     
   9   a [ 90] cache[   ]     b [ 90] cache[   ]     c [ 90] cache[   ]     
---------------------------------------------------------------------------
  10   a [ 89] cache[   ]     b [ 89] cache[   ]     c [ 89] cache[   ]     
  11   a [ 88] cache[   ]     b [ 88] cache[   ]     c [ 88] cache[   ]     
  12   a [ 87] cache[   ]     b [ 87] cache[   ]     c [ 87] cache[   ]     
  13   a [ 86] cache[   ]     b [ 86] cache[   ]     c [ 86] cache[   ]     
  14   a [ 85] cache[   ]     b [ 85] cache[   ]     c [ 85] cache[   ]     
  15   a [ 84] cache[   ]     b [ 84] cache[   ]     c [ 84] cache[   ]     
  16   a [ 83] cache[   ]     b [ 83] cache[   ]     c [ 83] cache[   ]     
  17   a [ 82] cache[   ]     b [ 82] cache[   ]     c [ 82] cache[   ]     
  18   a [ 81] cache[   ]     b [ 81] cache[   ]     c [ 81] cache[   ]     
  19   a [ 80] cache[   ]     b [ 80] cache[   ]     c [ 80] cache[   ]     
---------------------------------------------------------------------------
  20   a [ 79] cache[   ]     b [ 79] cache[   ]     c [ 79] cache[   ]     
  21   a [ 78] cache[   ]     b [ 78] cache[   ]     c [ 78] cache[   ]     
  22   a [ 77] cache[   ]     b [ 77] cache[   ]     c [ 77] cache[   ]     
  23   a [ 76] cache[   ]     b [ 76] cache[   ]     c [ 76] cache[   ]     
  24   a [ 75] cache[   ]     b [ 75] cache[   ]     c [ 75] cache[   ]     
  25   a [ 74] cache[   ]     b [ 74] cache[   ]     c [ 74] cache[   ]     
  26   a [ 73] cache[   ]     b [ 73] cache[   ]     c [ 73] cache[   ]     
  27   a [ 72] cache[   ]     b [ 72] cache[   ]     c [ 72] cache[   ]     
  28   a [ 71] cache[   ]     b [ 71] cache[   ]     c [ 71] cache[   ]     
  29   a [ 70] cache[   ]     b [ 70] cache[   ]     c [ 70] cache[   ]     
---------------------------------------------------------------------------
  30   a [ 69] cache[   ]     b [ 69] cache[   ]     c [ 69] cache[   ]     
  31   a [ 68] cache[   ]     b [ 68] cache[   ]     c [ 68] cache[   ]     
  32   a [ 67] cache[   ]     b [ 67] cache[   ]     c [ 67] cache[   ]     
  33   a [ 66] cache[   ]     b [ 66] cache[   ]     c [ 66] cache[   ]     
  34   a [ 65] cache[   ]     b [ 65] cache[   ]     c [ 65] cache[   ]     
  35   a [ 64] cache[   ]     b [ 64] cache[   ]     c [ 64] cache[   ]     
  36   a [ 63] cache[   ]     b [ 63] cache[   ]     c [ 63] cache[   ]     
  37   a [ 62] cache[   ]     b [ 62] cache[   ]     c [ 62] cache[   ]     
  38   a [ 61] cache[   ]     b [ 61] cache[   ]     c [ 61] cache[   ]     
  39   a [ 60] cache[   ]     b [ 60] cache[   ]     c [ 60] cache[   ]     
---------------------------------------------------------------------------
  40   a [ 59] cache[   ]     b [ 59] cache[   ]     c [ 59] cache[   ]     
  41   a [ 58] cache[   ]     b [ 58] cache[   ]     c [ 58] cache[   ]     
  42   a [ 57] cache[   ]     b [ 57] cache[   ]     c [ 57] cache[   ]     
  43   a [ 56] cache[   ]     b [ 56] cache[   ]     c [ 56] cache[   ]     
  44   a [ 55] cache[   ]     b [ 55] cache[   ]     c [ 55] cache[   ]     
  45   a [ 54] cache[   ]     b [ 54] cache[   ]     c [ 54] cache[   ]     
  46   a [ 53] cache[   ]     b [ 53] cache[   ]     c [ 53] cache[   ]     
  47   a [ 52] cache[   ]     b [ 52] cache[   ]     c [ 52] cache[   ]     
  48   a [ 51] cache[   ]     b [ 51] cache[   ]     c [ 51] cache[   ]     
  49   a [ 50] cache[   ]     b [ 50] cache[   ]     c [ 50] cache[   ]     
---------------------------------------------------------------------------
  50   a [ 49] cache[   ]     b [ 49] cache[   ]     c [ 49] cache[   ]     
  51   a [ 48] cache[   ]     b [ 48] cache[   ]     c [ 48] cache[   ]     
  52   a [ 47] cache[   ]     b [ 47] cache[   ]     c [ 47] cache[   ]     
  53   a [ 46] cache[   ]     b [ 46] cache[   ]     c [ 46] cache[   ]     
  54   a [ 45] cache[   ]     b [ 45] cache[   ]     c [ 45] cache[   ]     
  55   a [ 44] cache[   ]     b [ 44] cache[   ]     c [ 44] cache[   ]     
  56   a [ 43] cache[   ]     b [ 43] cache[   ]     c [ 43] cache[   ]     
  57   a [ 42] cache[   ]     b [ 42] cache[   ]     c [ 42] cache[   ]     
  58   a [ 41] cache[   ]     b [ 41] cache[   ]     c [ 41] cache[   ]     
  59   a [ 40] cache[   ]     b [ 40] cache[   ]     c [ 40] cache[   ]     
---------------------------------------------------------------------------
  60   a [ 39] cache[   ]     b [ 39] cache[   ]     c [ 39] cache[   ]     
  61   a [ 38] cache[   ]     b [ 38] cache[   ]     c [ 38] cache[   ]     
  62   a [ 37] cache[   ]     b [ 37] cache[   ]     c [ 37] cache[   ]     
  63   a [ 36] cache[   ]     b [ 36] cache[   ]     c [ 36] cache[   ]     
  64   a [ 35] cache[   ]     b [ 35] cache[   ]     c [ 35] cache[   ]     
  65   a [ 34] cache[   ]     b [ 34] cache[   ]     c [ 34] cache[   ]     
  66   a [ 33] cache[   ]     b [ 33] cache[   ]     c [ 33] cache[   ]     
  67   a [ 32] cache[   ]     b [ 32] cache[   ]     c [ 32] cache[   ]     
  68   a [ 31] cache[   ]     b [ 31] cache[   ]     c [ 31] cache[   ]     
  69   a [ 30] cache[   ]     b [ 30] cache[   ]     c [ 30] cache[   ]     
---------------------------------------------------------------------------
  70   a [ 29] cache[   ]     b [ 29] cache[   ]     c [ 29] cache[   ]     
  71   a [ 28] cache[   ]     b [ 28] cache[   ]     c [ 28] cache[   ]     
  72   a [ 27] cache[   ]     b [ 27] cache[   ]     c [ 27] cache[   ]     
  73   a [ 26] cache[   ]     b [ 26] cache[   ]     c [ 26] cache[   ]     
  74   a [ 25] cache[   ]     b [ 25] cache[   ]     c [ 25] cache[   ]     
  75   a [ 24] cache[   ]     b [ 24] cache[   ]     c [ 24] cache[   ]     
  76   a [ 23] cache[   ]     b [ 23] cache[   ]     c [ 23] cache[   ]     
  77   a [ 22] cache[   ]     b [ 22] cache[   ]     c [ 22] cache[   ]     
  78   a [ 21] cache[   ]     b [ 21] cache[   ]     c [ 21] cache[   ]     
  79   a [ 20] cache[   ]     b [ 20] cache[   ]     c [ 20] cache[   ]     
---------------------------------------------------------------------------
  80   a [ 19] cache[   ]     b [ 19] cache[   ]     c [ 19] cache[   ]     
  81   a [ 18] cache[   ]     b [ 18] cache[   ]     c [ 18] cache[   ]     
  82   a [ 17] cache[   ]     b [ 17] cache[   ]     c [ 17] cache[   ]     
  83   a [ 16] cache[   ]     b [ 16] cache[   ]     c [ 16] cache[   ]     
  84   a [ 15] cache[   ]     b [ 15] cache[   ]     c [ 15] cache[   ]     
  85   a [ 14] cache[   ]     b [ 14] cache[   ]     c [ 14] cache[   ]     
  86   a [ 13] cache[   ]     b [ 13] cache[   ]     c [ 13] cache[   ]     
  87   a [ 12] cache[   ]     b [ 12] cache[   ]     c [ 12] cache[   ]     
  88   a [ 11] cache[   ]     b [ 11] cache[   ]     c [ 11] cache[   ]     
  89   a [ 10] cache[   ]     b [ 10] cache[   ]     c [ 10] cache[   ]     
---------------------------------------------------------------------------
  90   a [  9] cache[   ]     b [  9] cache[   ]     c [  9] cache[   ]     
  91   a [  8] cache[   ]     b [  8] cache[   ]     c [  8] cache[   ]     
  92   a [  7] cache[   ]     b [  7] cache[   ]     c [  7] cache[   ]     
  93   a [  6] cache[   ]     b [  6] cache[   ]     c [  6] cache[   ]     
  94   a [  5] cache[   ]     b [  5] cache[   ]     c [  5] cache[   ]     
  95   a [  4] cache[   ]     b [  4] cache[   ]     c [  4] cache[   ]     
  96   a [  3] cache[   ]     b [  3] cache[   ]     c [  3] cache[   ]     
  97   a [  2] cache[   ]     b [  2] cache[   ]     c [  2] cache[   ]     
  98   a [  1] cache[   ]     b [  1] cache[   ]     c [  1] cache[   ]     
  99   a [  0] cache[   ]     b [  0] cache[   ]     c [  0] cache[   ]     

Finished time 100

Per-CPU stats
  CPU 0  utilization 100.00 [ warm 0.00 ]
  CPU 1  utilization 100.00 [ warm 0.00 ]
  CPU 2  utilization 100.00 [ warm 0.00 ]

