ARG seed 0
ARG job_num 3
ARG max_run 100
ARG max_wset 200
ARG job_list a:100:100,b:100:100,c:100:100
ARG affinity 
ARG per_cpu_queues False
ARG num_cpus 3
ARG quantum 10
ARG peek_interval 30
ARG warmup_time 10
ARG cache_size 100
ARG random_order False
ARG trace True
ARG trace_time True
ARG trace_cache True
ARG trace_sched False
ARG compute True

Job name:a run_time:100 working_set_size:100
Job name:b run_time:100 working_set_size:100
Job name:c run_time:100 working_set_size:100

Scheduler central queue: ['a', 'b', 'c']

   0   a [ 99] cache[   ]     b [ 99] cache[   ]     c [ 99] cache[   ]     
   1   a [ 98] cache[   ]     b [ 98] cache[   ]     c [ 98] cache[   ]     
   2   a [ 97] cache[   ]     b [ 97] cache[   ]     c [ 97] cache[   ]     
   3   a [ 96] cache[   ]     b [ 96] cache[   ]     c [ 96] cache[   ]     
   4   a [ 95] cache[   ]     b [ 95] cache[   ]     c [ 95] cache[   ]     
   5   a [ 94] cache[   ]     b [ 94] cache[   ]     c [ 94] cache[   ]     
   6   a [ 93] cache[   ]     b [ 93] cache[   ]     c [ 93] cache[   ]     
   7   a [ 92] cache[   ]     b [ 92] cache[   ]     c [ 92] cache[   ]     
   8   a [ 91] cache[   ]     b [ 91] cache[   ]     c [ 91] cache[   ]     
   9   a [ 90] cache[w  ]     b [ 90] cache[ w ]     c [ 90] cache[  w]     
---------------------------------------------------------------------------
  10   a [ 88] cache[w  ]     b [ 88] cache[ w ]     c [ 88] cache[  w]     
  11   a [ 86] cache[w  ]     b [ 86] cache[ w ]     c [ 86] cache[  w]     
  12   a [ 84] cache[w  ]     b [ 84] cache[ w ]     c [ 84] cache[  w]     
  13   a [ 82] cache[w  ]     b [ 82] cache[ w ]     c [ 82] cache[  w]     
  14   a [ 80] cache[w  ]     b [ 80] cache[ w ]     c [ 80] cache[  w]     
  15   a [ 78] cache[w  ]     b [ 78] cache[ w ]     c [ 78] cache[  w]     
  16   a [ 76] cache[w  ]     b [ 76] cache[ w ]     c [ 76] cache[  w]     
  17   a [ 74] cache[w  ]     b [ 74] cache[ w ]     c [ 74] cache[  w]     
  18   a [ 72] cache[w  ]     b [ 72] cache[ w ]     c [ 72] cache[  w]     
  19   a [ 70] cache[w  ]     b [ 70] cache[ w ]     c [ 70] cache[  w]     
---------------------------------------------------------------------------
  20   a [ 68] cache[w  ]     b [ 68] cache[ w ]     c [ 68] cache[  w]     
  21   a [ 66] cache[w  ]     b [ 66] cache[ w ]     c [ 66] cache[  w]     
  22   a [ 64] cache[w  ]     b [ 64] cache[ w ]     c [ 64] cache[  w]     
  23   a [ 62] cache[w  ]     b [ 62] cache[ w ]     c [ 62] cache[  w]     
  24   a [ 60] cache[w  ]     b [ 60] cache[ w ]     c [ 60] cache[  w]     
  25   a [ 58] cache[w  ]     b [ 58] cache[ w ]     c [ 58] cache[  w]     
  26   a [ 56] cache[w  ]     b [ 56] cache[ w ]     c [ 56] cache[  w]     
  27   a [ 54] cache[w  ]     b [ 54] cache[ w ]     c [ 54] cache[  w]     
  28   a [ 52] cache[w  ]     b [ 52] cache[ w ]     c [ 52] cache[  w]     
  29   a [ 50] cache[w  ]     b [ 50] cache[ w ]     c [ 50] cache[  w]     
---------------------------------------------------------------------------
  30   a [ 48] cache[w  ]     b [ 48] cache[ w ]     c [ 48] cache[  w]     
  31   a [ 46] cache[w  ]     b [ 46] cache[ w ]     c [ 46] cache[  w]     
  32   a [ 44] cache[w  ]     b [ 44] cache[ w ]     c [ 44] cache[  w]     
  33   a [ 42] cache[w  ]     b [ 42] cache[ w ]     c [ 42] cache[  w]     
  34   a [ 40] cache[w  ]     b [ 40] cache[ w ]     c [ 40] cache[  w]     
  35   a [ 38] cache[w  ]     b [ 38] cache[ w ]     c [ 38] cache[  w]     
  36   a [ 36] cache[w  ]     b [ 36] cache[ w ]     c [ 36] cache[  w]     
  37   a [ 34] cache[w  ]     b [ 34] cache[ w ]     c [ 34] cache[  w]     
  38   a [ 32] cache[w  ]     b [ 32] cache[ w ]     c [ 32] cache[  w]     
  39   a [ 30] cache[w  ]     b [ 30] cache[ w ]     c [ 30] cache[  w]     
---------------------------------------------------------------------------
  40   a [ 28] cache[w  ]     b [ 28] cache[ w ]     c [ 28] cache[  w]     
  41   a [ 26] cache[w  ]     b [ 26] cache[ w ]     c [ 26] cache[  w]     
  42   a [ 24] cache[w  ]     b [ 24] cache[ w ]     c [ 24] cache[  w]     
  43   a [ 22] cache[w  ]     b [ 22] cache[ w ]     c [ 22] cache[  w]     
  44   a [ 20] cache[w  ]     b [ 20] cache[ w ]     c [ 20] cache[  w]     
  45   a [ 18] cache[w  ]     b [ 18] cache[ w ]     c [ 18] cache[  w]     
  46   a [ 16] cache[w  ]     b [ 16] cache[ w ]     c [ 16] cache[  w]     
  47   a [ 14] cache[w  ]     b [ 14] cache[ w ]     c [ 14] cache[  w]     
  48   a [ 12] cache[w  ]     b [ 12] cache[ w ]     c [ 12] cache[  w]     
  49   a [ 10] cache[w  ]     b [ 10] cache[ w ]     c [ 10] cache[  w]     
---------------------------------------------------------------------------
  50   a [  8] cache[w  ]     b [  8] cache[ w ]     c [  8] cache[  w]     
  51   a [  6] cache[w  ]     b [  6] cache[ w ]     c [  6] cache[  w]     
  52   a [  4] cache[w  ]     b [  4] cache[ w ]     c [  4] cache[  w]     
  53   a [  2] cache[w  ]     b [  2] cache[ w ]     c [  2] cache[  w]     
  54   a [  0] cache[w  ]     b [  0] cache[ w ]     c [  0] cache[  w]     

Finished time 55

Per-CPU stats
  CPU 0  utilization 100.00 [ warm 81.82 ]
  CPU 1  utilization 100.00 [ warm 81.82 ]
  CPU 2  utilization 100.00 [ warm 81.82 ]

