ARG seed 0
ARG job_num 3
ARG max_run 100
ARG max_wset 200
ARG job_list a:100:100,b:100:50,c:100:50
ARG affinity 
ARG per_cpu_queues True
ARG num_cpus 2
ARG quantum 10
ARG peek_interval 30
ARG warmup_time 10
ARG cache_size 100
ARG random_order False
ARG trace True
ARG trace_time True
ARG trace_cache True
ARG trace_sched False
ARG compute True

Job name:a run_time:100 working_set_size:100
Job name:b run_time:100 working_set_size:50
Job name:c run_time:100 working_set_size:50

Scheduler CPU 0 queue: ['a', 'c']
Scheduler CPU 1 queue: ['b']

   0   a [ 99] cache[   ]     b [ 99] cache[   ]     
   1   a [ 98] cache[   ]     b [ 98] cache[   ]     
   2   a [ 97] cache[   ]     b [ 97] cache[   ]     
   3   a [ 96] cache[   ]     b [ 96] cache[   ]     
   4   a [ 95] cache[   ]     b [ 95] cache[   ]     
   5   a [ 94] cache[   ]     b [ 94] cache[   ]     
   6   a [ 93] cache[   ]     b [ 93] cache[   ]     
   7   a [ 92] cache[   ]     b [ 92] cache[   ]     
   8   a [ 91] cache[   ]     b [ 91] cache[   ]     
   9   a [ 90] cache[w  ]     b [ 90] cache[ w ]     
---------------------------------------------------
  10   c [ 99] cache[w  ]     b [ 88] cache[ w ]     
  11   c [ 98] cache[w  ]     b [ 86] cache[ w ]     
  12   c [ 97] cache[w  ]     b [ 84] cache[ w ]     
  13   c [ 96] cache[w  ]     b [ 82] cache[ w ]     
  14   c [ 95] cache[w  ]     b [ 80] cache[ w ]     
  15   c [ 94] cache[w  ]     b [ 78] cache[ w ]     
  16   c [ 93] cache[w  ]     b [ 76] cache[ w ]     
  17   c [ 92] cache[w  ]     b [ 74] cache[ w ]     
  18   c [ 91] cache[w  ]     b [ 72] cache[ w ]     
  19   c [ 90] cache[  w]     b [ 70] cache[ w ]     
---------------------------------------------------
  20   a [ 89] cache[  w]     b [ 68] cache[ w ]     
  21   a [ 88] cache[  w]     b [ 66] cache[ w ]     
  22   a [ 87] cache[  w]     b [ 64] cache[ w ]     
  23   a [ 86] cache[  w]     b [ 62] cache[ w ]     
  24   a [ 85] cache[  w]     b [ 60] cache[ w ]     
  25   a [ 84] cache[  w]     b [ 58] cache[ w ]     
  26   a [ 83] cache[  w]     b [ 56] cache[ w ]     
  27   a [ 82] cache[  w]     b [ 54] cache[ w ]     
  28   a [ 81] cache[  w]     b [ 52] cache[ w ]     
  29   a [ 80] cache[w  ]     b [ 50] cache[ w ]     
---------------------------------------------------
  30   c [ 89] cache[w  ]     b [ 48] cache[ w ]     
  31   c [ 88] cache[w  ]     b [ 46] cache[ w ]     
  32   c [ 87] cache[w  ]     b [ 44] cache[ w ]     
  33   c [ 86] cache[w  ]     b [ 42] cache[ w ]     
  34   c [ 85] cache[w  ]     b [ 40] cache[ w ]     
  35   c [ 84] cache[w  ]     b [ 38] cache[ w ]     
  36   c [ 83] cache[w  ]     b [ 36] cache[ w ]     
  37   c [ 82] cache[w  ]     b [ 34] cache[ w ]     
  38   c [ 81] cache[w  ]     b [ 32] cache[ w ]     
  39   c [ 80] cache[  w]     b [ 30] cache[ w ]     
---------------------------------------------------
  40   a [ 79] cache[  w]     b [ 28] cache[ w ]     
  41   a [ 78] cache[  w]     b [ 26] cache[ w ]     
  42   a [ 77] cache[  w]     b [ 24] cache[ w ]     
  43   a [ 76] cache[  w]     b [ 22] cache[ w ]     
  44   a [ 75] cache[  w]     b [ 20] cache[ w ]     
  45   a [ 74] cache[  w]     b [ 18] cache[ w ]     
  46   a [ 73] cache[  w]     b [ 16] cache[ w ]     
  47   a [ 72] cache[  w]     b [ 14] cache[ w ]     
  48   a [ 71] cache[  w]     b [ 12] cache[ w ]     
  49   a [ 70] cache[w  ]     b [ 10] cache[ w ]     
---------------------------------------------------
  50   c [ 79] cache[w  ]     b [  8] cache[ w ]     
  51   c [ 78] cache[w  ]     b [  6] cache[ w ]     
  52   c [ 77] cache[w  ]     b [  4] cache[ w ]     
  53   c [ 76] cache[w  ]     b [  2] cache[ w ]     
  54   c [ 75] cache[w  ]     b [  0] cache[ w ]     
  55   c [ 74] cache[w  ]     - [   ] cache[ w ]     
  56   c [ 73] cache[w  ]     - [   ] cache[ w ]     
  57   c [ 72] cache[w  ]     - [   ] cache[ w ]     
  58   c [ 71] cache[w  ]     - [   ] cache[ w ]     
  59   c [ 70] cache[  w]     - [   ] cache[ w ]     
---------------------------------------------------
  60   c [ 68] cache[  w]     a [ 69] cache[ w ]     
  61   c [ 66] cache[  w]     a [ 68] cache[ w ]     
  62   c [ 64] cache[  w]     a [ 67] cache[ w ]     
  63   c [ 62] cache[  w]     a [ 66] cache[ w ]     
  64   c [ 60] cache[  w]     a [ 65] cache[ w ]     
  65   c [ 58] cache[  w]     a [ 64] cache[ w ]     
  66   c [ 56] cache[  w]     a [ 63] cache[ w ]     
  67   c [ 54] cache[  w]     a [ 62] cache[ w ]     
  68   c [ 52] cache[  w]     a [ 61] cache[ w ]     
  69   c [ 50] cache[  w]     a [ 60] cache[w  ]     
---------------------------------------------------
  70   c [ 48] cache[  w]     a [ 58] cache[w  ]     
  71   c [ 46] cache[  w]     a [ 56] cache[w  ]     
  72   c [ 44] cache[  w]     a [ 54] cache[w  ]     
  73   c [ 42] cache[  w]     a [ 52] cache[w  ]     
  74   c [ 40] cache[  w]     a [ 50] cache[w  ]     
  75   c [ 38] cache[  w]     a [ 48] cache[w  ]     
  76   c [ 36] cache[  w]     a [ 46] cache[w  ]     
  77   c [ 34] cache[  w]     a [ 44] cache[w  ]     
  78   c [ 32] cache[  w]     a [ 42] cache[w  ]     
  79   c [ 30] cache[  w]     a [ 40] cache[w  ]     
---------------------------------------------------
  80   c [ 28] cache[  w]     a [ 38] cache[w  ]     
  81   c [ 26] cache[  w]     a [ 36] cache[w  ]     
  82   c [ 24] cache[  w]     a [ 34] cache[w  ]     
  83   c [ 22] cache[  w]     a [ 32] cache[w  ]     
  84   c [ 20] cache[  w]     a [ 30] cache[w  ]     
  85   c [ 18] cache[  w]     a [ 28] cache[w  ]     
  86   c [ 16] cache[  w]     a [ 26] cache[w  ]     
  87   c [ 14] cache[  w]     a [ 24] cache[w  ]     
  88   c [ 12] cache[  w]     a [ 22] cache[w  ]     
  89   c [ 10] cache[  w]     a [ 20] cache[w  ]     
---------------------------------------------------
  90   c [  8] cache[  w]     a [ 18] cache[w  ]     
  91   c [  6] cache[  w]     a [ 16] cache[w  ]     
  92   c [  4] cache[  w]     a [ 14] cache[w  ]     
  93   c [  2] cache[  w]     a [ 12] cache[w  ]     
  94   c [  0] cache[  w]     a [ 10] cache[w  ]     
  95   - [   ] cache[  w]     a [  8] cache[w  ]     
  96   - [   ] cache[  w]     a [  6] cache[w  ]     
  97   - [   ] cache[  w]     a [  4] cache[w  ]     
  98   - [   ] cache[  w]     a [  2] cache[w  ]     
  99   - [   ] cache[  w]     a [  0] cache[w  ]     

Finished time 100

Per-CPU stats
  CPU 0  utilization 95.00 [ warm 35.00 ]
  CPU 1  utilization 95.00 [ warm 75.00 ]

