==9202== Memcheck, a memory error detector
==9202== Copyright (C) 2002-2017, and GNU GPL'd, by Julian Seward et al.
==9202== Using Valgrind-3.18.1 and LibVEX; rerun with -h for copyright info
==9202== Command: ./p4
==9202== 
==9202== 
==9202== Process terminating with default action of signal 13 (SIGPIPE)
==9202==    at 0x4981A37: write (write.c:26)
==9202==    by 0x48F7F6C: _IO_file_write@@GLIBC_2.2.5 (fileops.c:1180)
==9202==    by 0x48F9A60: new_do_write (fileops.c:448)
==9202==    by 0x48F9A60: _IO_new_do_write (fileops.c:425)
==9202==    by 0x48F9A60: _IO_do_write@@GLIBC_2.2.5 (fileops.c:422)
==9202==    by 0x48FBA41: _IO_flush_all_lockp (genops.c:706)
==9202==    by 0x48FBBFD: _IO_cleanup (genops.c:866)
==9202==    by 0x48B2541: __run_exit_handlers (exit.c:134)
==9202==    by 0x48B260F: exit (exit.c:143)
==9202==    by 0x4896D96: (below main) (libc_start_call_main.h:74)
==9202== 
==9202== HEAP SUMMARY:
==9202==     in use at exit: 4,100 bytes in 2 blocks
==9202==   total heap usage: 2 allocs, 0 frees, 4,100 bytes allocated
==9202== 
==9202== 4 bytes in 1 blocks are definitely lost in loss record 1 of 2
==9202==    at 0x4848899: malloc (in /usr/libexec/valgrind/vgpreload_memcheck-amd64-linux.so)
==9202==    by 0x10917E: main (4-malloc.c:6)
==9202== 
==9202== LEAK SUMMARY:
==9202==    definitely lost: 4 bytes in 1 blocks
==9202==    indirectly lost: 0 bytes in 0 blocks
==9202==      possibly lost: 0 bytes in 0 blocks
==9202==    still reachable: 4,096 bytes in 1 blocks
==9202==         suppressed: 0 bytes in 0 blocks
==9202== Reachable blocks (those to which a pointer was found) are not shown.
==9202== To see them, rerun with: --leak-check=full --show-leak-kinds=all
==9202== 
==9202== For lists of detected and suppressed errors, rerun with: -s
==9202== ERROR SUMMARY: 1 errors from 1 contexts (suppressed: 0 from 0)