==9260== Memcheck, a memory error detector
==9260== Copyright (C) 2002-2017, and GNU GPL'd, by Julian Seward et al.
==9260== Using Valgrind-3.18.1 and LibVEX; rerun with -h for copyright info
==9260== Command: ./p5
==9260== 
==9260== Invalid write of size 4
==9260==    at 0x1091A8: main (5-array.c:9)
==9260==  Address 0x4a981d0 is 0 bytes after a block of size 400 alloc'd
==9260==    at 0x4848899: malloc (in /usr/libexec/valgrind/vgpreload_memcheck-amd64-linux.so)
==9260==    by 0x109191: main (5-array.c:7)
==9260== 
==9260== 
==9260== HEAP SUMMARY:
==9260==     in use at exit: 0 bytes in 0 blocks
==9260==   total heap usage: 1 allocs, 1 frees, 400 bytes allocated
==9260== 
==9260== All heap blocks were freed -- no leaks are possible
==9260== 
==9260== For lists of detected and suppressed errors, rerun with: -s
==9260== ERROR SUMMARY: 1 errors from 1 contexts (suppressed: 0 from 0)