==9309== Memcheck, a memory error detector
==9309== Copyright (C) 2002-2017, and GNU GPL'd, by Julian Seward et al.
==9309== Using Valgrind-3.18.1 and LibVEX; rerun with -h for copyright info
==9309== Command: ./p6
==9309== 
==9309== Invalid read of size 4
==9309==    at 0x1091CA: main (in /home/arsha/Repos/ostep-homework/14/build/p6)
==9309==  Address 0x4a98044 is 4 bytes inside a block of size 400 free'd
==9309==    at 0x484B27F: free (in /usr/libexec/valgrind/vgpreload_memcheck-amd64-linux.so)
==9309==    by 0x1091C1: main (in /home/arsha/Repos/ostep-homework/14/build/p6)
==9309==  Block was alloc'd at
==9309==    at 0x4848899: malloc (in /usr/libexec/valgrind/vgpreload_memcheck-amd64-linux.so)
==9309==    by 0x1091B1: main (in /home/arsha/Repos/ostep-homework/14/build/p6)
==9309== 
El: 0
==9309== 
==9309== HEAP SUMMARY:
==9309==     in use at exit: 0 bytes in 0 blocks
==9309==   total heap usage: 2 allocs, 2 frees, 1,424 bytes allocated
==9309== 
==9309== All heap blocks were freed -- no leaks are possible
==9309== 
==9309== For lists of detected and suppressed errors, rerun with: -s
==9309== ERROR SUMMARY: 1 errors from 1 contexts (suppressed: 0 from 0)